2026-03-27T18:00:02+08:00 INFO  heartbeat check OK (2/3 sensors active)
2026-03-27T18:05:00+08:00 INFO  heartbeat check OK (2/3 sensors active)
2026-03-27T18:10:00+08:00 INFO  heartbeat check OK (2/3 sensors active)
2026-03-27T18:15:00+08:00 INFO  heartbeat check OK (2/3 sensors active)
2026-03-27T18:17:43+08:00 INFO  credential_spray: 38 failed attempts from 92.118.39.18 on sensor-us-01 (10m window)
2026-03-27T18:17:43+08:00 INFO  → alert sent to #hp-alerts (slack)
2026-03-27T18:20:00+08:00 INFO  heartbeat check OK (2/3 sensors active)
2026-03-27T18:25:00+08:00 INFO  heartbeat check OK (2/3 sensors active)
2026-03-27T18:30:00+08:00 INFO  heartbeat check OK (2/3 sensors active)
2026-03-27T18:35:00+08:00 INFO  heartbeat check OK (2/3 sensors active)
2026-03-27T18:40:00+08:00 INFO  heartbeat check OK (2/3 sensors active)
2026-03-27T18:45:00+08:00 INFO  heartbeat check OK (2/3 sensors active)
2026-03-27T18:50:00+08:00 INFO  heartbeat check OK (2/3 sensors active)
2026-03-27T18:55:00+08:00 INFO  heartbeat check OK (2/3 sensors active)
2026-03-27T19:00:02+08:00 INFO  heartbeat check OK (2/3 sensors active)
2026-03-27T19:05:00+08:00 INFO  heartbeat check OK (2/3 sensors active)
2026-03-27T19:10:00+08:00 INFO  heartbeat check OK (2/3 sensors active)
2026-03-27T19:13:08+08:00 INFO  credential_spray: 42 failed attempts from 185.220.101.34 on sensor-us-01 (10m window)
2026-03-27T19:13:08+08:00 INFO  → alert sent to #hp-alerts (slack)
2026-03-27T19:15:00+08:00 INFO  heartbeat check OK (2/3 sensors active)
2026-03-27T19:20:00+08:00 INFO  heartbeat check OK (2/3 sensors active)
2026-03-27T19:25:00+08:00 INFO  heartbeat check OK (2/3 sensors active)
2026-03-27T19:30:00+08:00 INFO  heartbeat check OK (2/3 sensors active)
2026-03-27T19:35:00+08:00 INFO  heartbeat check OK (2/3 sensors active)
2026-03-27T19:40:00+08:00 INFO  heartbeat check OK (2/3 sensors active)
2026-03-27T19:45:00+08:00 INFO  heartbeat check OK (2/3 sensors active)
2026-03-27T19:50:00+08:00 INFO  heartbeat check OK (2/3 sensors active)
2026-03-27T19:55:00+08:00 INFO  heartbeat check OK (2/3 sensors active)
2026-03-27T20:00:02+08:00 INFO  heartbeat check OK (2/3 sensors active)
2026-03-27T20:05:00+08:00 INFO  heartbeat check OK (2/3 sensors active)
2026-03-27T20:10:00+08:00 INFO  heartbeat check OK (2/3 sensors active)
2026-03-27T20:15:00+08:00 INFO  heartbeat check OK (2/3 sensors active)
2026-03-27T20:20:00+08:00 INFO  heartbeat check OK (2/3 sensors active)
2026-03-27T20:25:00+08:00 INFO  heartbeat check OK (2/3 sensors active)
2026-03-27T20:30:00+08:00 INFO  heartbeat check OK (2/3 sensors active)
2026-03-27T20:34:52+08:00 INFO  long_interactive_session: 194.26.29.41 on sensor-us-01, duration 312s, 18 commands
2026-03-27T20:34:52+08:00 INFO  → alert sent to #hp-alerts (slack, discord)
2026-03-27T20:35:00+08:00 INFO  heartbeat check OK (2/3 sensors active)
2026-03-27T20:40:00+08:00 INFO  heartbeat check OK (2/3 sensors active)
2026-03-27T20:45:00+08:00 INFO  heartbeat check OK (2/3 sensors active)
2026-03-27T20:50:00+08:00 INFO  heartbeat check OK (2/3 sensors active)
2026-03-27T20:55:00+08:00 INFO  heartbeat check OK (2/3 sensors active)
2026-03-27T21:00:02+08:00 INFO  heartbeat check OK (2/3 sensors active)
2026-03-27T21:05:00+08:00 INFO  heartbeat check OK (2/3 sensors active)
2026-03-27T21:10:00+08:00 INFO  heartbeat check OK (2/3 sensors active)
2026-03-27T21:15:00+08:00 INFO  heartbeat check OK (2/3 sensors active)
2026-03-27T21:20:00+08:00 INFO  heartbeat check OK (2/3 sensors active)
2026-03-27T21:22:17+08:00 INFO  credential_spray: 31 failed attempts from 45.148.10.71 on sensor-us-01 (10m window)
2026-03-27T21:22:17+08:00 INFO  → alert sent to #hp-alerts (slack)
2026-03-27T21:25:00+08:00 INFO  heartbeat check OK (2/3 sensors active)
2026-03-27T21:30:00+08:00 INFO  heartbeat check OK (2/3 sensors active)
2026-03-27T21:35:00+08:00 INFO  heartbeat check OK (2/3 sensors active)
2026-03-27T21:40:00+08:00 INFO  heartbeat check OK (2/3 sensors active)
2026-03-27T21:45:00+08:00 INFO  heartbeat check OK (2/3 sensors active)
2026-03-27T21:50:00+08:00 INFO  heartbeat check OK (2/3 sensors active)
2026-03-27T21:55:00+08:00 INFO  heartbeat check OK (2/3 sensors active)
2026-03-27T22:00:02+08:00 INFO  heartbeat check OK (2/3 sensors active)
2026-03-27T22:05:00+08:00 INFO  heartbeat check OK (2/3 sensors active)
2026-03-27T22:10:00+08:00 INFO  heartbeat check OK (2/3 sensors active)
2026-03-27T22:12:08+08:00 WARN  webhook_sink: received POST from 92.118.39.18 — logging (not a real webhook)
2026-03-27T22:15:00+08:00 INFO  heartbeat check OK (2/3 sensors active)
2026-03-27T22:20:00+08:00 INFO  heartbeat check OK (2/3 sensors active)
2026-03-27T22:25:00+08:00 INFO  heartbeat check OK (2/3 sensors active)
2026-03-27T22:30:00+08:00 INFO  heartbeat check OK (2/3 sensors active)
2026-03-27T22:35:00+08:00 INFO  heartbeat check OK (2/3 sensors active)
2026-03-27T22:40:00+08:00 INFO  heartbeat check OK (2/3 sensors active)
2026-03-27T22:45:00+08:00 INFO  heartbeat check OK (2/3 sensors active)
2026-03-27T22:50:00+08:00 INFO  heartbeat check OK (2/3 sensors active)
2026-03-27T22:55:00+08:00 INFO  heartbeat check OK (2/3 sensors active)
2026-03-27T23:00:02+08:00 INFO  heartbeat check OK (2/3 sensors active)
2026-03-28T00:00:02+08:00 INFO  daily summary: 1,247 sessions (us-01: 892, apac-01: 355), 4 alerts fired, 0 new binaries
2026-03-28T00:00:03+08:00 INFO  alert_dispatcher started (pid 4821)
2026-03-28T00:00:03+08:00 INFO  loaded 6 alert rules, 1 suppress rule
2026-03-28T00:00:03+08:00 WARN  sensor-eu-01: heartbeat missing (suppressed — HSX-447812)
2026-03-28T05:00:02+08:00 INFO  heartbeat check OK (2/3 sensors active)
2026-03-28T05:02:14+08:00 INFO  credential_spray: 34 failed attempts from 185.220.101.34 on sensor-us-01 (10m window)
2026-03-28T05:02:14+08:00 INFO  → alert sent to #hp-alerts (slack)
2026-03-28T05:05:00+08:00 INFO  heartbeat check OK (2/3 sensors active)
2026-03-28T05:10:00+08:00 INFO  heartbeat check OK (2/3 sensors active)
2026-03-28T05:12:47+08:00 INFO  long_interactive_session: 89.248.174.166 on sensor-us-01, duration 247s, 12 commands
2026-03-28T05:12:47+08:00 INFO  → alert sent to #hp-alerts (slack, discord)
2026-03-28T05:15:00+08:00 INFO  heartbeat check OK (2/3 sensors active)
2026-03-28T05:20:00+08:00 INFO  heartbeat check OK (2/3 sensors active)
2026-03-28T05:22:31+08:00 ERROR export_sessions.py failed: ConnectionRefusedError — is ingest-elk-01 down?
2026-03-28T05:22:31+08:00 INFO  retrying in 30s...
2026-03-28T05:23:02+08:00 INFO  export_sessions.py recovered, elk back up
2026-03-28T05:25:00+08:00 INFO  heartbeat check OK (2/3 sensors active)
2026-03-28T05:30:00+08:00 INFO  heartbeat check OK (2/3 sensors active)
2026-03-28T05:35:00+08:00 INFO  heartbeat check OK (2/3 sensors active)
2026-03-28T05:40:00+08:00 INFO  heartbeat check OK (2/3 sensors active)
2026-03-28T05:45:00+08:00 INFO  heartbeat check OK (2/3 sensors active)
2026-03-28T05:47:19+08:00 INFO  credential_spray: 41 failed attempts from 45.148.10.71 on sensor-us-01 (10m window)
2026-03-28T05:47:19+08:00 INFO  → alert sent to #hp-alerts (slack)
2026-03-28T05:50:00+08:00 INFO  heartbeat check OK (2/3 sensors active)
2026-03-28T05:55:00+08:00 INFO  heartbeat check OK (2/3 sensors active)
2026-03-28T06:00:00+08:00 INFO  heartbeat check OK (2/3 sensors active)
2026-03-28T06:05:00+08:00 INFO  heartbeat check OK (2/3 sensors active)
2026-03-28T06:10:00+08:00 INFO  heartbeat check OK (2/3 sensors active)
2026-03-28T06:15:00+08:00 INFO  heartbeat check OK (2/3 sensors active)
