[2026-03-03T00:00:02+08:00] Starting weekly export (--since 7d --format ndjson)
[2026-03-03T00:00:02+08:00] Querying ingest-elk-01:9200/cowrie-sessions-* ...
[2026-03-03T00:00:11+08:00] Fetched 2104 sessions (9 scroll pages)
[2026-03-03T00:00:11+08:00] Written to /opt/hp-ops/exports/cowrie-weekly-2026-03-03.ndjson
[2026-03-03T00:00:12+08:00] Compressing...
[2026-03-03T00:00:12+08:00] Done: cowrie-weekly-2026-03-03.ndjson.gz (487KB)
[2026-03-10T00:00:02+08:00] Starting weekly export (--since 7d --format ndjson)
[2026-03-10T00:00:02+08:00] Querying ingest-elk-01:9200/cowrie-sessions-* ...
[2026-03-10T00:00:09+08:00] Fetched 2450 sessions (10 scroll pages)
[2026-03-10T00:00:10+08:00] Written to /opt/hp-ops/exports/cowrie-weekly-2026-03-10.ndjson
[2026-03-10T00:00:10+08:00] Compressing...
[2026-03-10T00:00:11+08:00] Done: cowrie-weekly-2026-03-10.ndjson.gz (541KB)
[2026-03-17T00:00:03+08:00] Starting weekly export (--since 7d --format ndjson)
[2026-03-17T00:00:03+08:00] Querying ingest-elk-01:9200/cowrie-sessions-* ...
[2026-03-17T00:00:14+08:00] Fetched 2841 sessions (11 scroll pages)
[2026-03-17T00:00:15+08:00] Written to /opt/hp-ops/exports/cowrie-weekly-2026-03-17.ndjson
[2026-03-17T00:00:16+08:00] Compressing...
[2026-03-17T00:00:17+08:00] Done: cowrie-weekly-2026-03-17.ndjson.gz (614KB)
[2026-03-24T00:00:02+08:00] Starting weekly export (--since 7d --format ndjson)
[2026-03-24T00:00:02+08:00] Querying ingest-elk-01:9200/cowrie-sessions-* ...
[2026-03-24T00:00:18+08:00] Fetched 3412 sessions (14 scroll pages)
[2026-03-24T00:00:19+08:00] Written to /opt/hp-ops/exports/cowrie-weekly-2026-03-24.ndjson
[2026-03-24T00:00:19+08:00] Compressing...
[2026-03-24T00:00:20+08:00] Done: cowrie-weekly-2026-03-24.ndjson.gz (712KB)
